<?xml version="1.0" encoding="UTF-8"?>
<!-- Generated by org.testng.reporters.JUnitReportReporter -->
<testsuite hostname="LAPTOP-46B3GHNG" failures="0" tests="3" name="com.Ecommerce.Webapp" time="12.449" errors="0" timestamp="2022-10-19T10:40:17 IST" skipped="0">
  <testcase classname="com.Ecommerce.Webapp" name="loadtime" time="0.072"/>
  <testcase classname="com.Ecommerce.Webapp" name="search" time="6.235"/>
  <testcase classname="com.Ecommerce.Webapp" name="scroll" time="6.142"/>
</testsuite> <!-- com.Ecommerce.Webapp -->
