<?xml version="1.0" encoding="UTF-8"?>
<!-- Generated by org.testng.reporters.JUnitReportReporter -->
<testsuite hostname="LAPTOP-46B3GHNG" failures="0" tests="3" name="com.Ecommerce.Ecommerce" time="12.459" errors="0" timestamp="2022-10-19T11:58:29 IST" skipped="0">
  <testcase classname="com.Ecommerce.Ecommerce" name="loadtime" time="0.072"/>
  <testcase classname="com.Ecommerce.Ecommerce" name="search" time="6.264"/>
  <testcase classname="com.Ecommerce.Ecommerce" name="scroll" time="6.123"/>
</testsuite> <!-- com.Ecommerce.Ecommerce -->
