<?xml version="1.0" encoding="UTF-8"?>
<!-- Generated by org.testng.reporters.JUnitReportReporter -->
<testsuite hostname="LAPTOP-46B3GHNG" failures="0" tests="1" name="com.MyAppApplicationTests" time="0.001" errors="0" timestamp="2022-10-20T18:04:32 IST" skipped="0">
  <testcase classname="com.MyAppApplicationTests" name="contextLoads" time="0.001"/>
  <system-out/>
</testsuite> <!-- com.MyAppApplicationTests -->
